{
  "stats": {
    "suites": 1,
    "tests": 1,
    "passes": 1,
    "pending": 0,
    "failures": 0,
    "start": "2025-02-26T18:02:57.679Z",
    "end": "2025-02-26T18:03:01.163Z",
    "duration": 3484,
    "testsRegistered": 1,
    "passPercent": 100,
    "pendingPercent": 0,
    "other": 0,
    "hasOther": false,
    "skipped": 0,
    "hasSkipped": false
  },
  "results": [
    {
      "uuid": "a9fef390-4053-41e8-9962-4e4b3a51dc70",
      "title": "",
      "fullFile": "cypress\\e2e\\login-correto.cy.js",
      "file": "cypress\\e2e\\login-correto.cy.js",
      "beforeHooks": [],
      "afterHooks": [],
      "tests": [],
      "suites": [
        {
          "uuid": "a93f04f5-92d6-45f8-9d29-3ed7f7625170",
          "title": "verificação da página de login do cypress",
          "fullFile": "",
          "file": "",
          "beforeHooks": [],
          "afterHooks": [],
          "tests": [
            {
              "title": "preencher os campos do login corretamente e autenticar o usuário na página",
              "fullTitle": "verificação da página de login do cypress preencher os campos do login corretamente e autenticar o usuário na página",
              "timedOut": null,
              "duration": 2106,
              "state": "passed",
              "speed": "fast",
              "pass": true,
              "fail": false,
              "pending": false,
              "context": null,
              "code": "cy.login('teste_cyp@gmail.com', 'Senha123');\n//cy.get('a.card__contact[aria-label=\"Falar com responsável\"]').eq(1).click();\n//cy.get('.header__home').click();",
              "err": {},
              "uuid": "798fd4a5-6505-4376-9f66-abba30c476b7",
              "parentUUID": "a93f04f5-92d6-45f8-9d29-3ed7f7625170",
              "isHook": false,
              "skipped": false
            }
          ],
          "suites": [],
          "passes": [
            "798fd4a5-6505-4376-9f66-abba30c476b7"
          ],
          "failures": [],
          "pending": [],
          "skipped": [],
          "duration": 2106,
          "root": false,
          "rootEmpty": false,
          "_timeout": 2000
        }
      ],
      "passes": [],
      "failures": [],
      "pending": [],
      "skipped": [],
      "duration": 0,
      "root": true,
      "rootEmpty": true,
      "_timeout": 2000
    }
  ],
  "meta": {
    "mocha": {
      "version": "7.0.1"
    },
    "mochawesome": {
      "options": {
        "quiet": false,
        "reportFilename": "relatorio_teste",
        "saveHtml": true,
        "saveJson": true,
        "consoleReporter": "spec",
        "useInlineDiffs": false,
        "code": true
      },
      "version": "7.1.3"
    },
    "marge": {
      "options": {
        "reportDir": "cypress/results",
        "overwrite": false,
        "html": true,
        "json": true,
        "timestamp": "mmddyyyy_HHMMss",
        "reportFilename": "relatorio_teste"
      },
      "version": "6.2.0"
    }
  }
}