{
  "stats": {
    "suites": 1,
    "tests": 1,
    "passes": 1,
    "pending": 0,
    "failures": 0,
    "start": "2025-02-26T14:49:25.261Z",
    "end": "2025-02-26T14:49:28.794Z",
    "duration": 3533,
    "testsRegistered": 1,
    "passPercent": 100,
    "pendingPercent": 0,
    "other": 0,
    "hasOther": false,
    "skipped": 0,
    "hasSkipped": false
  },
  "results": [
    {
      "uuid": "2c095965-56e2-4477-8a01-28d861c7651b",
      "title": "",
      "fullFile": "cypress\\e2e\\login-incorreto.cy.js",
      "file": "cypress\\e2e\\login-incorreto.cy.js",
      "beforeHooks": [],
      "afterHooks": [],
      "tests": [],
      "suites": [
        {
          "uuid": "8d1d56f9-3673-4369-b23d-c6eec65b492a",
          "title": "verificação da página de login do cypress",
          "fullFile": "",
          "file": "",
          "beforeHooks": [],
          "afterHooks": [],
          "tests": [
            {
              "title": "preencher os campos do login incorretamente e exibir mensagem ao usuário",
              "fullTitle": "verificação da página de login do cypress preencher os campos do login incorretamente e exibir mensagem ao usuário",
              "timedOut": null,
              "duration": 2125,
              "state": "passed",
              "speed": "fast",
              "pass": true,
              "fail": false,
              "pending": false,
              "context": null,
              "code": "cy.login('@errado.com', 'senha-errada');\ncy.contains('Por favor, verifique o email digitado').should('be.visible');\ncy.contains('A senha deve conter pelo menos uma letra maiúscula, um número e ter entre 6 e 15 caracteres').should('be.visible');",
              "err": {},
              "uuid": "c734028b-18c0-4bb1-be6f-74f7dd588c2e",
              "parentUUID": "8d1d56f9-3673-4369-b23d-c6eec65b492a",
              "isHook": false,
              "skipped": false
            }
          ],
          "suites": [],
          "passes": [
            "c734028b-18c0-4bb1-be6f-74f7dd588c2e"
          ],
          "failures": [],
          "pending": [],
          "skipped": [],
          "duration": 2125,
          "root": false,
          "rootEmpty": false,
          "_timeout": 2000
        }
      ],
      "passes": [],
      "failures": [],
      "pending": [],
      "skipped": [],
      "duration": 0,
      "root": true,
      "rootEmpty": true,
      "_timeout": 2000
    }
  ],
  "meta": {
    "mocha": {
      "version": "7.0.1"
    },
    "mochawesome": {
      "options": {
        "quiet": false,
        "reportFilename": "relatorio_teste",
        "saveHtml": true,
        "saveJson": true,
        "consoleReporter": "spec",
        "useInlineDiffs": false,
        "code": true
      },
      "version": "7.1.3"
    },
    "marge": {
      "options": {
        "reportDir": "cypress/results",
        "overwrite": false,
        "html": true,
        "json": true,
        "timestamp": "mmddyyyy_HHMMss",
        "reportFilename": "relatorio_teste"
      },
      "version": "6.2.0"
    }
  }
}