{
  "stats": {
    "suites": 1,
    "tests": 1,
    "passes": 0,
    "pending": 0,
    "failures": 1,
    "start": "2025-02-27T15:42:16.978Z",
    "end": "2025-02-27T15:42:47.305Z",
    "duration": 30327,
    "testsRegistered": 1,
    "passPercent": 0,
    "pendingPercent": 0,
    "other": 0,
    "hasOther": false,
    "skipped": 0,
    "hasSkipped": false
  },
  "results": [
    {
      "uuid": "5fda0c24-4ac7-4bd4-bd14-baa70fe7934c",
      "title": "",
      "fullFile": "cypress\\e2e\\api-mensagens.cy.js",
      "file": "cypress\\e2e\\api-mensagens.cy.js",
      "beforeHooks": [],
      "afterHooks": [],
      "tests": [],
      "suites": [
        {
          "uuid": "9a849c5e-1fff-4114-a6e3-1395546888c2",
          "title": "Api Adopet",
          "fullFile": "",
          "file": "",
          "beforeHooks": [],
          "afterHooks": [],
          "tests": [
            {
              "title": "Mensagens da API",
              "fullTitle": "Api Adopet Mensagens da API",
              "timedOut": null,
              "duration": 30261,
              "state": "failed",
              "speed": null,
              "pass": false,
              "fail": true,
              "pending": false,
              "context": null,
              "code": "cy.request({\n  method: 'GET',\n  // pois iremos solicitar dados da API\n  url: 'https://adopet-api-i8qu.onrender.com/mensagem/656d4c84-e181-4360-afa3-fcf7e2832ca1',\n  headers: Cypress.env()\n}).then(response => {\n  expect(response.status).to.equal(200); // Verifica se o status é 200 (OK) - sucesso da API\n  expect(response.body).is.not.empty; // para que o body não seja vazio\n  expect(response.body).to.have.property('msg'); // Verifica se a resposta tem uma propriedade 'msg'\n});",
              "err": {
                "message": "CypressError: `cy.request()` timed out waiting `30000ms` for a response from your server.\n\nThe request we sent was:\n\nMethod: GET\nURL: https://adopet-api-i8qu.onrender.com/mensagem/656d4c84-e181-4360-afa3-fcf7e2832ca1\n\nNo response was received within the timeout.\n\nhttps://on.cypress.io/request",
                "estack": "CypressError: `cy.request()` timed out waiting `30000ms` for a response from your server.\n\nThe request we sent was:\n\nMethod: GET\nURL: https://adopet-api-i8qu.onrender.com/mensagem/656d4c84-e181-4360-afa3-fcf7e2832ca1\n\nNo response was received within the timeout.\n\nhttps://on.cypress.io/request\n    at <unknown> (http://localhost:61136/__cypress/runner/cypress_runner.js:133045:70)\n    at tryCatcher (http://localhost:61136/__cypress/runner/cypress_runner.js:1807:23)\n    at <unknown> (http://localhost:61136/__cypress/runner/cypress_runner.js:4186:41)\n    at tryCatcher (http://localhost:61136/__cypress/runner/cypress_runner.js:1807:23)\n    at Promise._settlePromiseFromHandler (http://localhost:61136/__cypress/runner/cypress_runner.js:1519:31)\n    at Promise._settlePromise (http://localhost:61136/__cypress/runner/cypress_runner.js:1576:18)\n    at Promise._settlePromise0 (http://localhost:61136/__cypress/runner/cypress_runner.js:1621:10)\n    at Promise._settlePromises (http://localhost:61136/__cypress/runner/cypress_runner.js:1697:18)\n    at _drainQueueStep (http://localhost:61136/__cypress/runner/cypress_runner.js:2407:12)\n    at _drainQueue (http://localhost:61136/__cypress/runner/cypress_runner.js:2400:9)\n    at Async._drainQueues (http://localhost:61136/__cypress/runner/cypress_runner.js:2416:5)\n    at Async.drainQueues (http://localhost:61136/__cypress/runner/cypress_runner.js:2286:14)\nFrom Your Spec Code:\n    at Context.eval (webpack://curso_cypress/./cypress/e2e/api-mensagens.cy.js:4:11)",
                "diff": null
              },
              "uuid": "677ab638-0e92-4350-b475-3d93c47aa3fe",
              "parentUUID": "9a849c5e-1fff-4114-a6e3-1395546888c2",
              "isHook": false,
              "skipped": false
            }
          ],
          "suites": [],
          "passes": [],
          "failures": [
            "677ab638-0e92-4350-b475-3d93c47aa3fe"
          ],
          "pending": [],
          "skipped": [],
          "duration": 30261,
          "root": false,
          "rootEmpty": false,
          "_timeout": 2000
        }
      ],
      "passes": [],
      "failures": [],
      "pending": [],
      "skipped": [],
      "duration": 0,
      "root": true,
      "rootEmpty": true,
      "_timeout": 2000
    }
  ],
  "meta": {
    "mocha": {
      "version": "7.0.1"
    },
    "mochawesome": {
      "options": {
        "quiet": false,
        "reportFilename": "relatorio_teste",
        "saveHtml": true,
        "saveJson": true,
        "consoleReporter": "spec",
        "useInlineDiffs": false,
        "code": true
      },
      "version": "7.1.3"
    },
    "marge": {
      "options": {
        "reportDir": "cypress/results",
        "overwrite": false,
        "html": true,
        "json": true,
        "timestamp": "mmddyyyy_HHMMss",
        "reportFilename": "relatorio_teste"
      },
      "version": "6.2.0"
    }
  }
}