{
  "stats": {
    "suites": 1,
    "tests": 1,
    "passes": 1,
    "pending": 0,
    "failures": 0,
    "start": "2025-02-26T14:48:56.824Z",
    "end": "2025-02-26T14:49:01.743Z",
    "duration": 4919,
    "testsRegistered": 1,
    "passPercent": 100,
    "pendingPercent": 0,
    "other": 0,
    "hasOther": false,
    "skipped": 0,
    "hasSkipped": false
  },
  "results": [
    {
      "uuid": "a17f044e-4ceb-45cd-a115-41d5e55c05ef",
      "title": "",
      "fullFile": "cypress\\e2e\\cadastro-correto.cy.js",
      "file": "cypress\\e2e\\cadastro-correto.cy.js",
      "beforeHooks": [],
      "afterHooks": [],
      "tests": [],
      "suites": [
        {
          "uuid": "b502ed70-3963-417b-aa04-c956b915225e",
          "title": "verificação da página inicial do cypress",
          "fullFile": "",
          "file": "",
          "beforeHooks": [],
          "afterHooks": [],
          "tests": [
            {
              "title": "preencher os campos corretamente para realizar cadastro",
              "fullTitle": "verificação da página inicial do cypress preencher os campos corretamente para realizar cadastro",
              "timedOut": null,
              "duration": 3144,
              "state": "passed",
              "speed": "fast",
              "pass": true,
              "fail": false,
              "pending": false,
              "context": null,
              "code": "cy.cadastro('Nome teste', 'teste_cyp4@gmail.com', 'Senha123');",
              "err": {},
              "uuid": "d08a61d8-b640-41b0-aed6-920ec9f9782d",
              "parentUUID": "b502ed70-3963-417b-aa04-c956b915225e",
              "isHook": false,
              "skipped": false
            }
          ],
          "suites": [],
          "passes": [
            "d08a61d8-b640-41b0-aed6-920ec9f9782d"
          ],
          "failures": [],
          "pending": [],
          "skipped": [],
          "duration": 3144,
          "root": false,
          "rootEmpty": false,
          "_timeout": 2000
        }
      ],
      "passes": [],
      "failures": [],
      "pending": [],
      "skipped": [],
      "duration": 0,
      "root": true,
      "rootEmpty": true,
      "_timeout": 2000
    }
  ],
  "meta": {
    "mocha": {
      "version": "7.0.1"
    },
    "mochawesome": {
      "options": {
        "quiet": false,
        "reportFilename": "relatorio_teste",
        "saveHtml": true,
        "saveJson": true,
        "consoleReporter": "spec",
        "useInlineDiffs": false,
        "code": true
      },
      "version": "7.1.3"
    },
    "marge": {
      "options": {
        "reportDir": "cypress/results",
        "overwrite": false,
        "html": true,
        "json": true,
        "timestamp": "mmddyyyy_HHMMss",
        "reportFilename": "relatorio_teste"
      },
      "version": "6.2.0"
    }
  }
}