{
  "stats": {
    "suites": 1,
    "tests": 3,
    "passes": 3,
    "pending": 0,
    "failures": 0,
    "start": "2025-02-26T17:57:18.327Z",
    "end": "2025-02-26T17:57:24.479Z",
    "duration": 6152,
    "testsRegistered": 3,
    "passPercent": 100,
    "pendingPercent": 0,
    "other": 0,
    "hasOther": false,
    "skipped": 0,
    "hasSkipped": false
  },
  "results": [
    {
      "uuid": "0a7b4bf5-ed26-478a-bd9d-a206e3576fec",
      "title": "",
      "fullFile": "cypress\\e2e\\login-incorreto.cy.js",
      "file": "cypress\\e2e\\login-incorreto.cy.js",
      "beforeHooks": [],
      "afterHooks": [],
      "tests": [],
      "suites": [
        {
          "uuid": "7c6e6398-6217-449d-9e2d-2ae3d1f3ccb1",
          "title": "verificação da página de login do cypress",
          "fullFile": "",
          "file": "",
          "beforeHooks": [],
          "afterHooks": [],
          "tests": [
            {
              "title": "verifica mensagem de falha no login",
              "fullTitle": "verificação da página de login do cypress verifica mensagem de falha no login",
              "timedOut": null,
              "duration": 1299,
              "state": "passed",
              "speed": "fast",
              "pass": true,
              "fail": false,
              "pending": false,
              "context": null,
              "code": "cy.get('[data-test=\"submit-button\"]').click();\ncy.contains('É necessário informar um endereço de email').should('be.visible');\ncy.contains('Insira sua senha').should('be.visible');",
              "err": {},
              "uuid": "f258c620-5170-4210-bfbe-f7906b952439",
              "parentUUID": "7c6e6398-6217-449d-9e2d-2ae3d1f3ccb1",
              "isHook": false,
              "skipped": false
            },
            {
              "title": "falhar mesmo com os campos preenchidos corretamente",
              "fullTitle": "verificação da página de login do cypress falhar mesmo com os campos preenchidos corretamente",
              "timedOut": null,
              "duration": 1618,
              "state": "passed",
              "speed": "fast",
              "pass": true,
              "fail": false,
              "pending": false,
              "context": null,
              "code": "cy.login('teste_ctf3@gmail.com', 'Errada123');\ncy.wait('@stubPost');\ncy.contains('Falha no login. Consulte suas credenciais.').should('be.visible');",
              "err": {},
              "uuid": "6c4170e2-1900-4a0e-a9d8-2167e5cddffa",
              "parentUUID": "7c6e6398-6217-449d-9e2d-2ae3d1f3ccb1",
              "isHook": false,
              "skipped": false
            },
            {
              "title": "preencher os campos do login incorretamente e exibir mensagem ao usuário",
              "fullTitle": "verificação da página de login do cypress preencher os campos do login incorretamente e exibir mensagem ao usuário",
              "timedOut": null,
              "duration": 1691,
              "state": "passed",
              "speed": "fast",
              "pass": true,
              "fail": false,
              "pending": false,
              "context": null,
              "code": "cy.login('@errado.com', 'senha-errada');\ncy.contains('Por favor, verifique o email digitado').should('be.visible');\ncy.contains('A senha deve conter pelo menos uma letra maiúscula, um número e ter entre 6 e 15 caracteres').should('be.visible');",
              "err": {},
              "uuid": "93255f2a-589c-4f34-aef8-6f8ca4c4116b",
              "parentUUID": "7c6e6398-6217-449d-9e2d-2ae3d1f3ccb1",
              "isHook": false,
              "skipped": false
            }
          ],
          "suites": [],
          "passes": [
            "f258c620-5170-4210-bfbe-f7906b952439",
            "6c4170e2-1900-4a0e-a9d8-2167e5cddffa",
            "93255f2a-589c-4f34-aef8-6f8ca4c4116b"
          ],
          "failures": [],
          "pending": [],
          "skipped": [],
          "duration": 4608,
          "root": false,
          "rootEmpty": false,
          "_timeout": 2000
        }
      ],
      "passes": [],
      "failures": [],
      "pending": [],
      "skipped": [],
      "duration": 0,
      "root": true,
      "rootEmpty": true,
      "_timeout": 2000
    }
  ],
  "meta": {
    "mocha": {
      "version": "7.0.1"
    },
    "mochawesome": {
      "options": {
        "quiet": false,
        "reportFilename": "relatorio_teste",
        "saveHtml": true,
        "saveJson": true,
        "consoleReporter": "spec",
        "useInlineDiffs": false,
        "code": true
      },
      "version": "7.1.3"
    },
    "marge": {
      "options": {
        "reportDir": "cypress/results",
        "overwrite": false,
        "html": true,
        "json": true,
        "timestamp": "mmddyyyy_HHMMss",
        "reportFilename": "relatorio_teste"
      },
      "version": "6.2.0"
    }
  }
}