{
  "stats": {
    "suites": 1,
    "tests": 4,
    "passes": 4,
    "pending": 0,
    "failures": 0,
    "start": "2025-02-26T17:57:05.322Z",
    "end": "2025-02-26T17:57:09.549Z",
    "duration": 4227,
    "testsRegistered": 4,
    "passPercent": 100,
    "pendingPercent": 0,
    "other": 0,
    "hasOther": false,
    "skipped": 0,
    "hasSkipped": false
  },
  "results": [
    {
      "uuid": "15596831-ccd5-4520-b7d1-c9b83f0598ca",
      "title": "",
      "fullFile": "cypress\\e2e\\exercicios2.cy.js",
      "file": "cypress\\e2e\\exercicios2.cy.js",
      "beforeHooks": [],
      "afterHooks": [],
      "tests": [],
      "suites": [
        {
          "uuid": "02d73251-b4d8-4bbc-99c2-8fc9e87dfbb3",
          "title": "Testes na página inicial pelo cypress",
          "fullFile": "",
          "file": "",
          "beforeHooks": [],
          "afterHooks": [],
          "tests": [
            {
              "title": "verificação se o título é igual a \"AdoPet\"",
              "fullTitle": "Testes na página inicial pelo cypress verificação se o título é igual a \"AdoPet\"",
              "timedOut": null,
              "duration": 538,
              "state": "passed",
              "speed": "fast",
              "pass": true,
              "fail": false,
              "pending": false,
              "context": null,
              "code": "cy.title().should('eq', 'AdoPet');",
              "err": {},
              "uuid": "9376e89a-9cd8-40e1-9c4a-3349f553e2b5",
              "parentUUID": "02d73251-b4d8-4bbc-99c2-8fc9e87dfbb3",
              "isHook": false,
              "skipped": false
            },
            {
              "title": "verificação do texto \"Quem ama adota!\"",
              "fullTitle": "Testes na página inicial pelo cypress verificação do texto \"Quem ama adota!\"",
              "timedOut": null,
              "duration": 130,
              "state": "passed",
              "speed": "fast",
              "pass": true,
              "fail": false,
              "pending": false,
              "context": null,
              "code": "cy.contains('Quem ama adota!');",
              "err": {},
              "uuid": "efa6321a-4579-445e-b1ae-08eea50fa35b",
              "parentUUID": "02d73251-b4d8-4bbc-99c2-8fc9e87dfbb3",
              "isHook": false,
              "skipped": false
            },
            {
              "title": "verificação de texto presente no html",
              "fullTitle": "Testes na página inicial pelo cypress verificação de texto presente no html",
              "timedOut": null,
              "duration": 354,
              "state": "passed",
              "speed": "fast",
              "pass": true,
              "fail": false,
              "pending": false,
              "context": null,
              "code": "cy.contains('Adotar pode mudar uma vida. Que tal buscar seu novo melhor amigo hoje? Vem com a gente!');",
              "err": {},
              "uuid": "153d17cc-01b4-463a-8bb6-e5b71252bf9f",
              "parentUUID": "02d73251-b4d8-4bbc-99c2-8fc9e87dfbb3",
              "isHook": false,
              "skipped": false
            },
            {
              "title": "teste de login seguindo outro fluxo",
              "fullTitle": "Testes na página inicial pelo cypress teste de login seguindo outro fluxo",
              "timedOut": null,
              "duration": 1382,
              "state": "passed",
              "speed": "fast",
              "pass": true,
              "fail": false,
              "pending": false,
              "context": null,
              "code": "cy.get('.header__message').click();\ncy.get('[data-test=\"input-loginEmail\"]').type('teste_cyp@gmail.com');\ncy.get('[data-test=\"input-loginPassword\"]').type('Senha123');\ncy.get('[data-test=\"submit-button\"]').click();",
              "err": {},
              "uuid": "69a4cf06-6552-4a33-8662-24871cb8451a",
              "parentUUID": "02d73251-b4d8-4bbc-99c2-8fc9e87dfbb3",
              "isHook": false,
              "skipped": false
            }
          ],
          "suites": [],
          "passes": [
            "9376e89a-9cd8-40e1-9c4a-3349f553e2b5",
            "efa6321a-4579-445e-b1ae-08eea50fa35b",
            "153d17cc-01b4-463a-8bb6-e5b71252bf9f",
            "69a4cf06-6552-4a33-8662-24871cb8451a"
          ],
          "failures": [],
          "pending": [],
          "skipped": [],
          "duration": 2404,
          "root": false,
          "rootEmpty": false,
          "_timeout": 2000
        }
      ],
      "passes": [],
      "failures": [],
      "pending": [],
      "skipped": [],
      "duration": 0,
      "root": true,
      "rootEmpty": true,
      "_timeout": 2000
    }
  ],
  "meta": {
    "mocha": {
      "version": "7.0.1"
    },
    "mochawesome": {
      "options": {
        "quiet": false,
        "reportFilename": "relatorio_teste",
        "saveHtml": true,
        "saveJson": true,
        "consoleReporter": "spec",
        "useInlineDiffs": false,
        "code": true
      },
      "version": "7.1.3"
    },
    "marge": {
      "options": {
        "reportDir": "cypress/results",
        "overwrite": false,
        "html": true,
        "json": true,
        "timestamp": "mmddyyyy_HHMMss",
        "reportFilename": "relatorio_teste"
      },
      "version": "6.2.0"
    }
  }
}