{
  "stats": {
    "suites": 1,
    "tests": 1,
    "passes": 1,
    "pending": 0,
    "failures": 0,
    "start": "2025-02-26T18:02:15.464Z",
    "end": "2025-02-26T18:02:16.493Z",
    "duration": 1029,
    "testsRegistered": 1,
    "passPercent": 100,
    "pendingPercent": 0,
    "other": 0,
    "hasOther": false,
    "skipped": 0,
    "hasSkipped": false
  },
  "results": [
    {
      "uuid": "65593ce4-197e-4dad-b6bc-79a039ce7eeb",
      "title": "",
      "fullFile": "cypress\\e2e\\api-mensagens.cy.js",
      "file": "cypress\\e2e\\api-mensagens.cy.js",
      "beforeHooks": [],
      "afterHooks": [],
      "tests": [],
      "suites": [
        {
          "uuid": "4fe6de2e-7b11-4a02-98b6-4f2d1d30d9e7",
          "title": "Api Adopet",
          "fullFile": "",
          "file": "",
          "beforeHooks": [],
          "afterHooks": [],
          "tests": [
            {
              "title": "Mensagens da API",
              "fullTitle": "Api Adopet Mensagens da API",
              "timedOut": null,
              "duration": 993,
              "state": "passed",
              "speed": "fast",
              "pass": true,
              "fail": false,
              "pending": false,
              "context": null,
              "code": "cy.request({\n  method: 'GET',\n  // pois iremos solicitar dados da API\n  url: 'https://adopet-api-i8qu.onrender.com/mensagem/656d4c84-e181-4360-afa3-fcf7e2832ca1',\n  headers: {\n    authorization\n  }\n}).then(response => {\n  expect(response.status).to.equal(200); // Verifica se o status é 200 (OK) - sucesso da API\n  expect(response.body).is.not.empty; // para que o body não seja vazio\n  expect(response.body).to.have.property('msg'); // Verifica se a resposta tem uma propriedade 'msg'\n});",
              "err": {},
              "uuid": "acef81ec-876d-48d4-962d-aaee53ea6cea",
              "parentUUID": "4fe6de2e-7b11-4a02-98b6-4f2d1d30d9e7",
              "isHook": false,
              "skipped": false
            }
          ],
          "suites": [],
          "passes": [
            "acef81ec-876d-48d4-962d-aaee53ea6cea"
          ],
          "failures": [],
          "pending": [],
          "skipped": [],
          "duration": 993,
          "root": false,
          "rootEmpty": false,
          "_timeout": 2000
        }
      ],
      "passes": [],
      "failures": [],
      "pending": [],
      "skipped": [],
      "duration": 0,
      "root": true,
      "rootEmpty": true,
      "_timeout": 2000
    }
  ],
  "meta": {
    "mocha": {
      "version": "7.0.1"
    },
    "mochawesome": {
      "options": {
        "quiet": false,
        "reportFilename": "relatorio_teste",
        "saveHtml": true,
        "saveJson": true,
        "consoleReporter": "spec",
        "useInlineDiffs": false,
        "code": true
      },
      "version": "7.1.3"
    },
    "marge": {
      "options": {
        "reportDir": "cypress/results",
        "overwrite": false,
        "html": true,
        "json": true,
        "timestamp": "mmddyyyy_HHMMss",
        "reportFilename": "relatorio_teste"
      },
      "version": "6.2.0"
    }
  }
}