{
  "stats": {
    "suites": 1,
    "tests": 1,
    "passes": 1,
    "pending": 0,
    "failures": 0,
    "start": "2025-02-26T18:02:19.134Z",
    "end": "2025-02-26T18:02:24.103Z",
    "duration": 4969,
    "testsRegistered": 1,
    "passPercent": 100,
    "pendingPercent": 0,
    "other": 0,
    "hasOther": false,
    "skipped": 0,
    "hasSkipped": false
  },
  "results": [
    {
      "uuid": "83e5d1f9-f71c-4ded-8bec-af4eb7d06072",
      "title": "",
      "fullFile": "cypress\\e2e\\cadastro-correto.cy.js",
      "file": "cypress\\e2e\\cadastro-correto.cy.js",
      "beforeHooks": [],
      "afterHooks": [],
      "tests": [],
      "suites": [
        {
          "uuid": "52abeded-ec06-4257-9e30-4665cfa0c2d3",
          "title": "verificação da página inicial do cypress",
          "fullFile": "",
          "file": "",
          "beforeHooks": [],
          "afterHooks": [],
          "tests": [
            {
              "title": "preencher os campos corretamente para realizar cadastro",
              "fullTitle": "verificação da página inicial do cypress preencher os campos corretamente para realizar cadastro",
              "timedOut": null,
              "duration": 3018,
              "state": "passed",
              "speed": "fast",
              "pass": true,
              "fail": false,
              "pending": false,
              "context": null,
              "code": "cy.cadastro('Nome teste', 'teste_cyp4@gmail.com', 'Senha123');",
              "err": {},
              "uuid": "67aa965d-efcd-456a-a424-92a3fd1b0c5b",
              "parentUUID": "52abeded-ec06-4257-9e30-4665cfa0c2d3",
              "isHook": false,
              "skipped": false
            }
          ],
          "suites": [],
          "passes": [
            "67aa965d-efcd-456a-a424-92a3fd1b0c5b"
          ],
          "failures": [],
          "pending": [],
          "skipped": [],
          "duration": 3018,
          "root": false,
          "rootEmpty": false,
          "_timeout": 2000
        }
      ],
      "passes": [],
      "failures": [],
      "pending": [],
      "skipped": [],
      "duration": 0,
      "root": true,
      "rootEmpty": true,
      "_timeout": 2000
    }
  ],
  "meta": {
    "mocha": {
      "version": "7.0.1"
    },
    "mochawesome": {
      "options": {
        "quiet": false,
        "reportFilename": "relatorio_teste",
        "saveHtml": true,
        "saveJson": true,
        "consoleReporter": "spec",
        "useInlineDiffs": false,
        "code": true
      },
      "version": "7.1.3"
    },
    "marge": {
      "options": {
        "reportDir": "cypress/results",
        "overwrite": false,
        "html": true,
        "json": true,
        "timestamp": "mmddyyyy_HHMMss",
        "reportFilename": "relatorio_teste"
      },
      "version": "6.2.0"
    }
  }
}