{
  "stats": {
    "suites": 1,
    "tests": 4,
    "passes": 4,
    "pending": 0,
    "failures": 0,
    "start": "2025-02-26T18:02:50.983Z",
    "end": "2025-02-26T18:02:54.959Z",
    "duration": 3976,
    "testsRegistered": 4,
    "passPercent": 100,
    "pendingPercent": 0,
    "other": 0,
    "hasOther": false,
    "skipped": 0,
    "hasSkipped": false
  },
  "results": [
    {
      "uuid": "317e81c0-665b-4806-bf8a-84412f1e3398",
      "title": "",
      "fullFile": "cypress\\e2e\\exercicios2.cy.js",
      "file": "cypress\\e2e\\exercicios2.cy.js",
      "beforeHooks": [],
      "afterHooks": [],
      "tests": [],
      "suites": [
        {
          "uuid": "9b0075b4-de46-47cd-ba70-bc09b1e4bcef",
          "title": "Testes na página inicial pelo cypress",
          "fullFile": "",
          "file": "",
          "beforeHooks": [],
          "afterHooks": [],
          "tests": [
            {
              "title": "verificação se o título é igual a \"AdoPet\"",
              "fullTitle": "Testes na página inicial pelo cypress verificação se o título é igual a \"AdoPet\"",
              "timedOut": null,
              "duration": 231,
              "state": "passed",
              "speed": "fast",
              "pass": true,
              "fail": false,
              "pending": false,
              "context": null,
              "code": "cy.title().should('eq', 'AdoPet');",
              "err": {},
              "uuid": "be23e569-1140-4fba-9f2b-6479c7eeb4fa",
              "parentUUID": "9b0075b4-de46-47cd-ba70-bc09b1e4bcef",
              "isHook": false,
              "skipped": false
            },
            {
              "title": "verificação do texto \"Quem ama adota!\"",
              "fullTitle": "Testes na página inicial pelo cypress verificação do texto \"Quem ama adota!\"",
              "timedOut": null,
              "duration": 268,
              "state": "passed",
              "speed": "fast",
              "pass": true,
              "fail": false,
              "pending": false,
              "context": null,
              "code": "cy.contains('Quem ama adota!');",
              "err": {},
              "uuid": "1f863430-bd4e-482c-be3a-1b6e491f98fa",
              "parentUUID": "9b0075b4-de46-47cd-ba70-bc09b1e4bcef",
              "isHook": false,
              "skipped": false
            },
            {
              "title": "verificação de texto presente no html",
              "fullTitle": "Testes na página inicial pelo cypress verificação de texto presente no html",
              "timedOut": null,
              "duration": 355,
              "state": "passed",
              "speed": "fast",
              "pass": true,
              "fail": false,
              "pending": false,
              "context": null,
              "code": "cy.contains('Adotar pode mudar uma vida. Que tal buscar seu novo melhor amigo hoje? Vem com a gente!');",
              "err": {},
              "uuid": "e0370927-9ab9-4f48-9f9e-e25efb16f1eb",
              "parentUUID": "9b0075b4-de46-47cd-ba70-bc09b1e4bcef",
              "isHook": false,
              "skipped": false
            },
            {
              "title": "teste de login seguindo outro fluxo",
              "fullTitle": "Testes na página inicial pelo cypress teste de login seguindo outro fluxo",
              "timedOut": null,
              "duration": 1606,
              "state": "passed",
              "speed": "fast",
              "pass": true,
              "fail": false,
              "pending": false,
              "context": null,
              "code": "cy.get('.header__message').click();\ncy.get('[data-test=\"input-loginEmail\"]').type('teste_cyp@gmail.com');\ncy.get('[data-test=\"input-loginPassword\"]').type('Senha123');\ncy.get('[data-test=\"submit-button\"]').click();",
              "err": {},
              "uuid": "9ec93ad5-bc62-4843-801f-94b57f30e8a5",
              "parentUUID": "9b0075b4-de46-47cd-ba70-bc09b1e4bcef",
              "isHook": false,
              "skipped": false
            }
          ],
          "suites": [],
          "passes": [
            "be23e569-1140-4fba-9f2b-6479c7eeb4fa",
            "1f863430-bd4e-482c-be3a-1b6e491f98fa",
            "e0370927-9ab9-4f48-9f9e-e25efb16f1eb",
            "9ec93ad5-bc62-4843-801f-94b57f30e8a5"
          ],
          "failures": [],
          "pending": [],
          "skipped": [],
          "duration": 2460,
          "root": false,
          "rootEmpty": false,
          "_timeout": 2000
        }
      ],
      "passes": [],
      "failures": [],
      "pending": [],
      "skipped": [],
      "duration": 0,
      "root": true,
      "rootEmpty": true,
      "_timeout": 2000
    }
  ],
  "meta": {
    "mocha": {
      "version": "7.0.1"
    },
    "mochawesome": {
      "options": {
        "quiet": false,
        "reportFilename": "relatorio_teste",
        "saveHtml": true,
        "saveJson": true,
        "consoleReporter": "spec",
        "useInlineDiffs": false,
        "code": true
      },
      "version": "7.1.3"
    },
    "marge": {
      "options": {
        "reportDir": "cypress/results",
        "overwrite": false,
        "html": true,
        "json": true,
        "timestamp": "mmddyyyy_HHMMss",
        "reportFilename": "relatorio_teste"
      },
      "version": "6.2.0"
    }
  }
}