{
  "stats": {
    "suites": 1,
    "tests": 1,
    "passes": 1,
    "pending": 0,
    "failures": 0,
    "start": "2025-02-26T17:57:12.403Z",
    "end": "2025-02-26T17:57:15.720Z",
    "duration": 3317,
    "testsRegistered": 1,
    "passPercent": 100,
    "pendingPercent": 0,
    "other": 0,
    "hasOther": false,
    "skipped": 0,
    "hasSkipped": false
  },
  "results": [
    {
      "uuid": "0e940016-6257-4394-a6a3-8a85147c2b00",
      "title": "",
      "fullFile": "cypress\\e2e\\login-correto.cy.js",
      "file": "cypress\\e2e\\login-correto.cy.js",
      "beforeHooks": [],
      "afterHooks": [],
      "tests": [],
      "suites": [
        {
          "uuid": "76c476f4-a489-4210-a7b3-0f51624250db",
          "title": "verificação da página de login do cypress",
          "fullFile": "",
          "file": "",
          "beforeHooks": [],
          "afterHooks": [],
          "tests": [
            {
              "title": "preencher os campos do login corretamente e autenticar o usuário na página",
              "fullTitle": "verificação da página de login do cypress preencher os campos do login corretamente e autenticar o usuário na página",
              "timedOut": null,
              "duration": 1839,
              "state": "passed",
              "speed": "fast",
              "pass": true,
              "fail": false,
              "pending": false,
              "context": null,
              "code": "cy.login('teste_cyp@gmail.com', 'Senha123');\n//cy.get('a.card__contact[aria-label=\"Falar com responsável\"]').eq(1).click();\n//cy.get('.header__home').click();",
              "err": {},
              "uuid": "7e3c1402-1d55-4175-ad83-7d2155107a77",
              "parentUUID": "76c476f4-a489-4210-a7b3-0f51624250db",
              "isHook": false,
              "skipped": false
            }
          ],
          "suites": [],
          "passes": [
            "7e3c1402-1d55-4175-ad83-7d2155107a77"
          ],
          "failures": [],
          "pending": [],
          "skipped": [],
          "duration": 1839,
          "root": false,
          "rootEmpty": false,
          "_timeout": 2000
        }
      ],
      "passes": [],
      "failures": [],
      "pending": [],
      "skipped": [],
      "duration": 0,
      "root": true,
      "rootEmpty": true,
      "_timeout": 2000
    }
  ],
  "meta": {
    "mocha": {
      "version": "7.0.1"
    },
    "mochawesome": {
      "options": {
        "quiet": false,
        "reportFilename": "relatorio_teste",
        "saveHtml": true,
        "saveJson": true,
        "consoleReporter": "spec",
        "useInlineDiffs": false,
        "code": true
      },
      "version": "7.1.3"
    },
    "marge": {
      "options": {
        "reportDir": "cypress/results",
        "overwrite": false,
        "html": true,
        "json": true,
        "timestamp": "mmddyyyy_HHMMss",
        "reportFilename": "relatorio_teste"
      },
      "version": "6.2.0"
    }
  }
}